<?xml version="1.0"?>
<testsuite name="Chrome 96.0.4664.110 (Windows 10)" package="" timestamp="2021-12-23T14:28:00" id="0" hostname="ITEM-S097040" tests="7" errors="0" failures="0" time="0.732">
  <properties>
    <property name="browser.fullName" value="Mozilla/5.0 (Windows NT 10.0; Win64; x64) AppleWebKit/537.36 (KHTML, like Gecko) Chrome/96.0.4664.110 Safari/537.36"/>
  </properties>
  <testcase name="ModalityComponent should create" time="0.329" classname="ModalityComponent"/>
  <testcase name="ModalityComponent mono mode connection when we confirm the mono mode connection, we should go to the language choice page" time="0.048" classname="ModalityComponent mono mode connection"/>
  <testcase name="ModalityComponent multi mode connection when we confirm the mono mode connection, we should go to the translation page" time="0.022" classname="ModalityComponent multi mode connection"/>
  <testcase name="CallbackComponent should create" time="0.04" classname="CallbackComponent"/>
  <testcase name="AuthService should successfully login anonymously with guest config " time="0.108" classname="AuthService"/>
  <testcase name="HeaderComponent should create" time="0.111" classname="HeaderComponent"/>
  <testcase name="HeaderComponent test gdpr modal should open the gdpr component dialog" time="0.074" classname="HeaderComponent test gdpr modal"/>
  <system-out>
    <![CDATA[Chrome 96.0.4664.110 (Windows 10) ERROR
  DisconnectedClient disconnected from CONNECTED state (transport close)
,Chrome 96.0.4664.110 (Windows 10) WARN: '
It looks like you're using the development build of the Firebase JS SDK.
When deploying Firebase apps to production, it is advisable to only import
the individual SDK components you intend to use.

For the module builds, these are available in the following manner
(replace <PACKAGE> with the name of a component - i.e. auth, database, etc):

CommonJS Modules:
const firebase = require('firebase/app');
require('firebase/<PACKAGE>');

ES Modules:
import firebase from 'firebase/app';
import 'firebase/<PACKAGE>';

Typescript:
import * as firebase from 'firebase/app';
import 'firebase/<PACKAGE>';
'
,Chrome 96.0.4664.110 (Windows 10) ERROR: 'Can't bind to 'ngIf' since it isn't a known property of 'ng-template'.'
,Chrome 96.0.4664.110 (Windows 10) ERROR: 'Can't bind to 'ngIf' since it isn't a known property of 'ng-template'.'
,Chrome 96.0.4664.110 (Windows 10) ERROR: 'Can't bind to 'ngIf' since it isn't a known property of 'ng-template'.'
,Chrome 96.0.4664.110 (Windows 10) ERROR: 'Can't bind to 'ngIf' since it isn't a known property of 'mat-toolbar'.'
,Chrome 96.0.4664.110 (Windows 10) ERROR: 'Can't bind to 'ngIf' since it isn't a known property of 'mat-toolbar'.'

]]>
  </system-out>
  <system-err/>
</testsuite>